<?xml version="1.0" encoding="UTF-8"?>
<testng-results ignored="0" total="3" passed="3" failed="0" skipped="0">
  <reporter-output>
  </reporter-output>
  <suite started-at="2022-06-24T14:37:47 CDT" name="Default suite" finished-at="2022-06-24T14:38:30 CDT" duration-ms="42053">
    <groups>
    </groups>
    <test started-at="2022-06-24T14:37:47 CDT" name="Default test" finished-at="2022-06-24T14:38:30 CDT" duration-ms="42053">
      <class name="dataDrivenTests.loginTest">
        <test-method is-config="true" signature="setUp()[pri:0, instance:dataDrivenTests.loginTest@654f0d9c]" started-at="2022-06-24T14:37:49 CDT" name="setUp" finished-at="2022-06-24T14:37:57 CDT" duration-ms="8359" status="PASS">
          <reporter-output>
          </reporter-output>
        </test-method> <!-- setUp -->
        <test-method signature="login(java.lang.String, java.lang.String, java.lang.String)[pri:0, instance:dataDrivenTests.loginTest@654f0d9c]" started-at="2022-06-24T14:37:57 CDT" name="login" data-provider="getTestData" finished-at="2022-06-24T14:38:01 CDT" duration-ms="3825" status="PASS">
          <params>
            <param index="0">
              <value>
                <![CDATA[xyzabc@gmail.com]]>
              </value>
            </param>
            <param index="1">
              <value>
                <![CDATA[Temp1234#]]>
              </value>
            </param>
            <param index="2">
              <value>
                <![CDATA[divya r.]]>
              </value>
            </param>
          </params>
          <reporter-output>
          </reporter-output>
        </test-method> <!-- login -->
        <test-method is-config="true" signature="tearDown()[pri:0, instance:dataDrivenTests.loginTest@654f0d9c]" started-at="2022-06-24T14:38:01 CDT" name="tearDown" finished-at="2022-06-24T14:38:02 CDT" duration-ms="732" status="PASS">
          <reporter-output>
          </reporter-output>
        </test-method> <!-- tearDown -->
        <test-method is-config="true" signature="setUp()[pri:0, instance:dataDrivenTests.loginTest@654f0d9c]" started-at="2022-06-24T14:38:02 CDT" name="setUp" finished-at="2022-06-24T14:38:09 CDT" duration-ms="6721" status="PASS">
          <reporter-output>
          </reporter-output>
        </test-method> <!-- setUp -->
        <test-method signature="login(java.lang.String, java.lang.String, java.lang.String)[pri:0, instance:dataDrivenTests.loginTest@654f0d9c]" started-at="2022-06-24T14:38:09 CDT" name="login" data-provider="getTestData" finished-at="2022-06-24T14:38:13 CDT" duration-ms="4374" status="PASS">
          <params>
            <param index="0">
              <value>
                <![CDATA[john.s@gmail.com]]>
              </value>
            </param>
            <param index="1">
              <value>
                <![CDATA[smith]]>
              </value>
            </param>
            <param index="2">
              <value>
                <![CDATA[john s.]]>
              </value>
            </param>
          </params>
          <reporter-output>
          </reporter-output>
        </test-method> <!-- login -->
        <test-method is-config="true" signature="tearDown()[pri:0, instance:dataDrivenTests.loginTest@654f0d9c]" started-at="2022-06-24T14:38:13 CDT" name="tearDown" finished-at="2022-06-24T14:38:14 CDT" duration-ms="743" status="PASS">
          <reporter-output>
          </reporter-output>
        </test-method> <!-- tearDown -->
        <test-method is-config="true" signature="setUp()[pri:0, instance:dataDrivenTests.loginTest@654f0d9c]" started-at="2022-06-24T14:38:14 CDT" name="setUp" finished-at="2022-06-24T14:38:24 CDT" duration-ms="10531" status="PASS">
          <reporter-output>
          </reporter-output>
        </test-method> <!-- setUp -->
        <test-method signature="login(java.lang.String, java.lang.String, java.lang.String)[pri:0, instance:dataDrivenTests.loginTest@654f0d9c]" started-at="2022-06-24T14:38:24 CDT" name="login" data-provider="getTestData" finished-at="2022-06-24T14:38:29 CDT" duration-ms="4535" status="PASS">
          <params>
            <param index="0">
              <value>
                <![CDATA[a.k@yahoo.com]]>
              </value>
            </param>
            <param index="1">
              <value>
                <![CDATA[kumar]]>
              </value>
            </param>
            <param index="2">
              <value>
                <![CDATA[akshay k.]]>
              </value>
            </param>
          </params>
          <reporter-output>
          </reporter-output>
        </test-method> <!-- login -->
        <test-method is-config="true" signature="tearDown()[pri:0, instance:dataDrivenTests.loginTest@654f0d9c]" started-at="2022-06-24T14:38:29 CDT" name="tearDown" finished-at="2022-06-24T14:38:30 CDT" duration-ms="761" status="PASS">
          <reporter-output>
          </reporter-output>
        </test-method> <!-- tearDown -->
      </class> <!-- dataDrivenTests.loginTest -->
    </test> <!-- Default test -->
  </suite> <!-- Default suite -->
</testng-results>
