<?xml version="1.0" encoding="UTF-8"?>
<!-- Generated by org.testng.reporters.JUnitXMLReporter -->
<testsuite ignored="0" hostname="windows" failures="0" tests="3" name="Default test" time="42.053" errors="0" timestamp="2022-06-24T14:38:30 CDT">
  <testcase classname="dataDrivenTests.loginTest" name="login" time="3.825"/>
  <testcase classname="dataDrivenTests.loginTest" name="login" time="4.374"/>
  <testcase classname="dataDrivenTests.loginTest" name="login" time="4.535"/>
</testsuite> <!-- Default test -->
