<?xml version="1.0" encoding="UTF-8"?>
<!-- Generated by org.testng.reporters.JUnitXMLReporter -->
<testsuite ignored="0" hostname="windows" failures="0" tests="3" name="Default test" time="52.361" errors="0" timestamp="2022-06-24T16:04:13 CDT">
  <testcase classname="dataDrivenTests.loginTest" name="login" time="10.148"/>
  <testcase classname="dataDrivenTests.loginTest" name="login" time="4.825"/>
  <testcase classname="dataDrivenTests.loginTest" name="login" time="4.867"/>
</testsuite> <!-- Default test -->
